Last modified time: Sat May  6 16:35:24 2023

/home/bengisusahin/191064_Uyg3A/download: 
total 12
drwxr-xr-x 2 bengisusahin bengisusahin 4096 May  6 16:35 .
drwxr-xr-x 4 bengisusahin bengisusahin 4096 May  6 16:35 ..
-rw-r--r-- 1 bengisusahin bengisusahin  202 May  6 16:35 Ekran görüntüsü 2023-03-02 212846.png
--------------------------------

Last modified time: Sat May  6 16:35:24 2023

/home/bengisusahin/191064_Uyg3A/download: 
total 12
drwxr-xr-x 2 bengisusahin bengisusahin 4096 May  6 16:35 .
drwxr-xr-x 4 bengisusahin bengisusahin 4096 May  6 16:35 ..
-rw-r--r-- 1 bengisusahin bengisusahin  202 May  6 16:35 Ekran görüntüsü 2023-03-02 212846.png
--------------------------------

Last modified time: Sat May  6 16:35:50 2023

/home/bengisusahin/191064_Uyg3A/download: 
total 88
drwxr-xr-x 2 bengisusahin bengisusahin  4096 May  6 16:35 .
drwxr-xr-x 4 bengisusahin bengisusahin  4096 May  6 16:35 ..
-rw-r--r-- 1 bengisusahin bengisusahin   202 May  6 16:35 Ekran görüntüsü 2023-03-02 212846.png
-rw-r--r-- 1 bengisusahin bengisusahin 75961 May  6 16:35 Ekran görüntüsü_20221224_180345.png
--------------------------------

Last modified time: Sat May  6 16:35:50 2023

/home/bengisusahin/191064_Uyg3A/download: 
total 88
drwxr-xr-x 2 bengisusahin bengisusahin  4096 May  6 16:35 .
drwxr-xr-x 4 bengisusahin bengisusahin  4096 May  6 16:35 ..
-rw-r--r-- 1 bengisusahin bengisusahin   202 May  6 16:35 Ekran görüntüsü 2023-03-02 212846.png
-rw-r--r-- 1 bengisusahin bengisusahin 75961 May  6 16:35 Ekran görüntüsü_20221224_180345.png
--------------------------------

Last modified time: Sat May  6 16:42:18 2023

/home/bengisusahin/191064_Uyg3A/download: 
total 380
drwxr-xr-x 2 bengisusahin bengisusahin   4096 May  6 16:42 .
drwxr-xr-x 4 bengisusahin bengisusahin   4096 May  6 16:42 ..
-rw-r--r-- 1 bengisusahin bengisusahin    202 May  6 16:35 Ekran görüntüsü 2023-03-02 212846.png
-rw-r--r-- 1 bengisusahin bengisusahin  75961 May  6 16:35 Ekran görüntüsü_20221224_180345.png
-rw-r--r-- 1 bengisusahin bengisusahin 296719 May  6 16:42 Ekran görüntüsü_20221225_192446.png
--------------------------------

Last modified time: Sat May  6 16:42:18 2023

/home/bengisusahin/191064_Uyg3A/download: 
total 380
drwxr-xr-x 2 bengisusahin bengisusahin   4096 May  6 16:42 .
drwxr-xr-x 4 bengisusahin bengisusahin   4096 May  6 16:42 ..
-rw-r--r-- 1 bengisusahin bengisusahin    202 May  6 16:35 Ekran görüntüsü 2023-03-02 212846.png
-rw-r--r-- 1 bengisusahin bengisusahin  75961 May  6 16:35 Ekran görüntüsü_20221224_180345.png
-rw-r--r-- 1 bengisusahin bengisusahin 296719 May  6 16:42 Ekran görüntüsü_20221225_192446.png
--------------------------------

Last modified time: Sat May  6 16:42:18 2023

/home/bengisusahin/191064_Uyg3A/download: 
total 380
drwxr-xr-x 2 bengisusahin bengisusahin   4096 May  6 16:42 .
drwxr-xr-x 4 bengisusahin bengisusahin   4096 May  6 16:42 ..
-rw-r--r-- 1 bengisusahin bengisusahin    202 May  6 16:35 Ekran görüntüsü 2023-03-02 212846.png
-rw-r--r-- 1 bengisusahin bengisusahin  75961 May  6 16:35 Ekran görüntüsü_20221224_180345.png
-rw-r--r-- 1 bengisusahin bengisusahin 296719 May  6 16:42 Ekran görüntüsü_20221225_192446.png
--------------------------------

Last modified time: Sat May  6 16:42:34 2023

/home/bengisusahin/191064_Uyg3A/download: 
total 456
drwxr-xr-x 2 bengisusahin bengisusahin   4096 May  6 16:42 .
drwxr-xr-x 4 bengisusahin bengisusahin   4096 May  6 16:42 ..
-rw-r--r-- 1 bengisusahin bengisusahin    202 May  6 16:35 Ekran görüntüsü 2023-03-02 212846.png
-rw-r--r-- 1 bengisusahin bengisusahin  75961 May  6 16:35 Ekran görüntüsü_20221224_180345.png
-rw-r--r-- 1 bengisusahin bengisusahin 296719 May  6 16:42 Ekran görüntüsü_20221225_192446.png
-rw-r--r-- 1 bengisusahin bengisusahin  76618 May  6 16:42 Ekran görüntüsü_20230103_183818.png
--------------------------------

Last modified time: Sat May  6 16:42:34 2023

/home/bengisusahin/191064_Uyg3A/download: 
total 456
drwxr-xr-x 2 bengisusahin bengisusahin   4096 May  6 16:42 .
drwxr-xr-x 4 bengisusahin bengisusahin   4096 May  6 16:42 ..
-rw-r--r-- 1 bengisusahin bengisusahin    202 May  6 16:35 Ekran görüntüsü 2023-03-02 212846.png
-rw-r--r-- 1 bengisusahin bengisusahin  75961 May  6 16:35 Ekran görüntüsü_20221224_180345.png
-rw-r--r-- 1 bengisusahin bengisusahin 296719 May  6 16:42 Ekran görüntüsü_20221225_192446.png
-rw-r--r-- 1 bengisusahin bengisusahin  76618 May  6 16:42 Ekran görüntüsü_20230103_183818.png
--------------------------------

Last modified time: Sat May  6 16:42:34 2023

/home/bengisusahin/191064_Uyg3A/download: 
total 456
drwxr-xr-x 2 bengisusahin bengisusahin   4096 May  6 16:42 .
drwxr-xr-x 4 bengisusahin bengisusahin   4096 May  6 16:42 ..
-rw-r--r-- 1 bengisusahin bengisusahin    202 May  6 16:35 Ekran görüntüsü 2023-03-02 212846.png
-rw-r--r-- 1 bengisusahin bengisusahin  75961 May  6 16:35 Ekran görüntüsü_20221224_180345.png
-rw-r--r-- 1 bengisusahin bengisusahin 296719 May  6 16:42 Ekran görüntüsü_20221225_192446.png
-rw-r--r-- 1 bengisusahin bengisusahin  76618 May  6 16:42 Ekran görüntüsü_20230103_183818.png
--------------------------------

